build/app/intermediates/manifest_merge_blame_file/debug/manifest-merger-blame-debug-report.txt
1<?xml version="1.0" encoding="utf-8"?>
2<manifest xmlns:android="http://schemas.android.com/apk/res/android"
3    package="com.blue.blue"
4    android:versionCode="1"
5    android:versionName="1.0.0" >
6
7    <uses-sdk
8        android:minSdkVersion="21"
9        android:targetSdkVersion="33" />
10    <!--
11         The INTERNET permission is required for development. Specifically,
12         the Flutter tool needs it to communicate with the running application
13         to allow setting breakpoints, to provide hot reload, etc.
14    -->
15    <uses-permission android:name="android.permission.INTERNET" />
15-->src\debug\AndroidManifest.xml:7:5-66
15-->src\debug\AndroidManifest.xml:7:22-64
16
17    <queries>
17-->[:kakao_flutter_sdk_common] AndroidManifest.xml:9:5-24:15
18        <package android:name="com.kakao.talk" />
18-->[:kakao_flutter_sdk_common] AndroidManifest.xml:10:9-50
18-->[:kakao_flutter_sdk_common] AndroidManifest.xml:10:18-47
19        <package android:name="com.kakao.talk.alpha" />
19-->[:kakao_flutter_sdk_common] AndroidManifest.xml:11:9-56
19-->[:kakao_flutter_sdk_common] AndroidManifest.xml:11:18-53
20        <package android:name="com.kakao.talk.sandbox" />
20-->[:kakao_flutter_sdk_common] AndroidManifest.xml:12:9-58
20-->[:kakao_flutter_sdk_common] AndroidManifest.xml:12:18-55
21        <package android:name="com.kakao.onetalk" />
21-->[:kakao_flutter_sdk_common] AndroidManifest.xml:13:9-53
21-->[:kakao_flutter_sdk_common] AndroidManifest.xml:13:18-50
22        <package android:name="com.locnall.KimGiSa" />
22-->[:kakao_flutter_sdk_common] AndroidManifest.xml:14:9-55
22-->[:kakao_flutter_sdk_common] AndroidManifest.xml:14:18-52
23        <package android:name="com.lguplus.navi" />
23-->[:kakao_flutter_sdk_common] AndroidManifest.xml:15:9-52
23-->[:kakao_flutter_sdk_common] AndroidManifest.xml:15:18-49
24
25        <intent>
25-->[:kakao_flutter_sdk_common] AndroidManifest.xml:17:9-23:18
26            <action android:name="android.intent.action.VIEW" />
26-->[:kakao_flutter_sdk_common] AndroidManifest.xml:18:13-65
26-->[:kakao_flutter_sdk_common] AndroidManifest.xml:18:21-62
27
28            <category android:name="android.intent.category.BROWSABLE" />
28-->[:kakao_flutter_sdk_common] AndroidManifest.xml:20:13-74
28-->[:kakao_flutter_sdk_common] AndroidManifest.xml:20:23-71
29
30            <data android:scheme="https" />
30-->[:kakao_flutter_sdk_common] AndroidManifest.xml:22:13-44
30-->[:kakao_flutter_sdk_common] AndroidManifest.xml:22:19-41
31        </intent>
32    </queries>
33
34    <application
35        android:name="android.app.Application"
36        android:appComponentFactory="androidx.core.app.CoreComponentFactory"
36-->[androidx.core:core:1.6.0] AndroidManifest.xml:24:18-86
37        android:debuggable="true"
38        android:icon="@mipmap/ic_launcher"
39        android:label="blue" >
40
41        <!-- 카카오 로그인 커스텀 URL 스킴 설정 -->
42        <activity
43            android:name="com.kakao.sdk.flutter.AuthCodeCustomTabsActivity"
44            android:exported="true"
45            android:launchMode="singleTask"
45-->[:kakao_flutter_sdk_common] AndroidManifest.xml:36:13-44
46            android:theme="@style/TransparentCompat" >
46-->[:kakao_flutter_sdk_common] AndroidManifest.xml:37:13-53
47            <intent-filter android:label="flutter_web_auth" >
48                <action android:name="android.intent.action.VIEW" />
48-->[:kakao_flutter_sdk_common] AndroidManifest.xml:18:13-65
48-->[:kakao_flutter_sdk_common] AndroidManifest.xml:18:21-62
49
50                <category android:name="android.intent.category.DEFAULT" />
51                <category android:name="android.intent.category.BROWSABLE" />
51-->[:kakao_flutter_sdk_common] AndroidManifest.xml:20:13-74
51-->[:kakao_flutter_sdk_common] AndroidManifest.xml:20:23-71
52
53                <!-- "kakao${YOUR_NATIVE_APP_KEY}://oauth" 형식의 앱 실행 스킴 설정 -->
54                <!-- 카카오 로그인 Redirect URI -->
55                <data
55-->[:kakao_flutter_sdk_common] AndroidManifest.xml:22:13-44
56                    android:host="oauth"
57                    android:scheme="kakao72638c4bc8ae6fdd899769b98b3982ff" />
57-->[:kakao_flutter_sdk_common] AndroidManifest.xml:22:19-41
58            </intent-filter>
59        </activity>
60        <activity
61            android:name="com.blue.blue.MainActivity"
62            android:configChanges="orientation|keyboardHidden|keyboard|screenSize|smallestScreenSize|locale|layoutDirection|fontScale|screenLayout|density|uiMode"
63            android:exported="true"
64            android:hardwareAccelerated="true"
65            android:launchMode="singleTop"
66            android:theme="@style/LaunchTheme"
67            android:windowSoftInputMode="adjustResize" >
68
69            <!--
70                 Specifies an Android theme to apply to this Activity as soon as
71                 the Android process has started. This theme is visible to the user
72                 while the Flutter UI initializes. After that, this theme continues
73                 to determine the Window background behind the Flutter UI.
74            -->
75            <meta-data
76                android:name="io.flutter.embedding.android.NormalTheme"
77                android:resource="@style/NormalTheme" />
78
79            <intent-filter>
80                <action android:name="android.intent.action.MAIN" />
81
82                <category android:name="android.intent.category.LAUNCHER" />
83            </intent-filter>
84        </activity>
85        <!--
86             Don't delete the meta-data below.
87             This is used by the Flutter tool to generate GeneratedPluginRegistrant.java
88        -->
89        <meta-data
90            android:name="flutterEmbedding"
91            android:value="2" />
92
93        <activity
93-->[:kakao_flutter_sdk_common] AndroidManifest.xml:27:9-32:56
94            android:name="com.kakao.sdk.flutter.TalkAuthCodeActivity"
94-->[:kakao_flutter_sdk_common] AndroidManifest.xml:28:13-70
95            android:configChanges="orientation|screenSize|keyboardHidden|uiMode"
95-->[:kakao_flutter_sdk_common] AndroidManifest.xml:29:13-81
96            android:exported="false"
96-->[:kakao_flutter_sdk_common] AndroidManifest.xml:30:13-37
97            android:launchMode="singleTask"
97-->[:kakao_flutter_sdk_common] AndroidManifest.xml:31:13-44
98            android:theme="@style/TransparentCompat" />
98-->[:kakao_flutter_sdk_common] AndroidManifest.xml:32:13-53
99
100        <uses-library
100-->[androidx.window:window:1.0.0-beta04] AndroidManifest.xml:25:9-27:40
101            android:name="androidx.window.extensions"
101-->[androidx.window:window:1.0.0-beta04] AndroidManifest.xml:26:13-54
102            android:required="false" />
102-->[androidx.window:window:1.0.0-beta04] AndroidManifest.xml:27:13-37
103        <uses-library
103-->[androidx.window:window:1.0.0-beta04] AndroidManifest.xml:28:9-30:40
104            android:name="androidx.window.sidecar"
104-->[androidx.window:window:1.0.0-beta04] AndroidManifest.xml:29:13-51
105            android:required="false" />
105-->[androidx.window:window:1.0.0-beta04] AndroidManifest.xml:30:13-37
106    </application>
107
108</manifest>